<?xml version="1.0" encoding="UTF-8"?>
<!-- Generated by org.testng.reporters.JUnitReportReporter -->
<testsuite skipped="0" hostname="DESKTOP-R3BCH8M" name="RunTimeTest.runTimeTesting" tests="1" failures="0" timestamp="2021-10-04T11:43:40 IST" time="15.142" errors="0">
  <testcase name="runMavenCommand" time="15.142" classname="RunTimeTest.runTimeTesting"/>
  <system-out/>
</testsuite> <!-- RunTimeTest.runTimeTesting -->
